<?xml version="1.0" encoding="UTF-8"?>
<testng-results ignored="0" total="1" passed="1" failed="0" skipped="0">
  <reporter-output>
  </reporter-output>
  <suite started-at="2020-05-03T22:10:42 IST" name="Default suite" finished-at="2020-05-03T22:11:36 IST" duration-ms="54734">
    <groups>
    </groups>
    <test started-at="2020-05-03T22:10:42 IST" name="Default test" finished-at="2020-05-03T22:11:36 IST" duration-ms="54734">
      <class name="org.Ecommerce.testcases.TC007_Wishlist">
        <test-method is-config="true" signature="launchbrowser()[pri:0, instance:org.Ecommerce.testcases.TC007_Wishlist@13c10b87]" started-at="2020-05-03T22:10:42 IST" name="launchbrowser" finished-at="2020-05-03T22:10:57 IST" duration-ms="15745" status="PASS">
          <reporter-output>
          </reporter-output>
        </test-method> <!-- launchbrowser -->
        <test-method signature="test()[pri:0, instance:org.Ecommerce.testcases.TC007_Wishlist@13c10b87]" started-at="2020-05-03T22:10:57 IST" name="test" finished-at="2020-05-03T22:11:36 IST" duration-ms="38922" status="PASS">
          <reporter-output>
          </reporter-output>
        </test-method> <!-- test -->
      </class> <!-- org.Ecommerce.testcases.TC007_Wishlist -->
    </test> <!-- Default test -->
  </suite> <!-- Default suite -->
</testng-results>
